openjdk version "11.0.20" 2023-07-18
OpenJDK Runtime Environment Temurin-11.0.20+8 (build 11.0.20+8)
OpenJDK 64-Bit Server VM Temurin-11.0.20+8 (build 11.0.20+8, mixed mode)
openjdk version "11.0.20" 2023-07-18
OpenJDK Runtime Environment Temurin-11.0.20+8 (build 11.0.20+8)
OpenJDK 64-Bit Server VM Temurin-11.0.20+8 (build 11.0.20+8, mixed mode)
openjdk version "11.0.20" 2023-07-18
OpenJDK Runtime Environment Temurin-11.0.20+8 (build 11.0.20+8)
OpenJDK 64-Bit Server VM Temurin-11.0.20+8 (build 11.0.20+8, mixed mode)
openjdk version "11.0.20" 2023-07-18
OpenJDK Runtime Environment Temurin-11.0.20+8 (build 11.0.20+8)
OpenJDK 64-Bit Server VM Temurin-11.0.20+8 (build 11.0.20+8, mixed mode)
openjdk version "11.0.20" 2023-07-18
OpenJDK Runtime Environment Temurin-11.0.20+8 (build 11.0.20+8)
OpenJDK 64-Bit Server VM Temurin-11.0.20+8 (build 11.0.20+8, mixed mode)
openjdk version "11.0.20" 2023-07-18
OpenJDK Runtime Environment Temurin-11.0.20+8 (build 11.0.20+8)
OpenJDK 64-Bit Server VM Temurin-11.0.20+8 (build 11.0.20+8, mixed mode)
Running experiment: AccountBad3 on node cn8.hpc.itu.dk
Traceback (most recent call last):
  File "scripts/new_version.py", line 236, in <module>
    setup()
  File "scripts/new_version.py", line 33, in setup
    result = subprocess.run(["java","-version"], stderr=subprocess.PIPE, text=True)
  File "/usr/lib64/python3.6/subprocess.py", line 423, in run
    with Popen(*popenargs, **kwargs) as process:
TypeError: __init__() got an unexpected keyword argument 'text'
srun: error: cn8: task 0: Exited with exit code 1
Running experiment: FsbenchBad27 on node cn15.hpc.itu.dk
Traceback (most recent call last):
  File "scripts/new_version.py", line 236, in <module>
    setup()
  File "scripts/new_version.py", line 33, in setup
    result = subprocess.run(["java","-version"], stderr=subprocess.PIPE, text=True)
  File "/usr/lib64/python3.6/subprocess.py", line 423, in run
    with Popen(*popenargs, **kwargs) as process:
TypeError: __init__() got an unexpected keyword argument 'text'
srun: error: cn15: task 0: Exited with exit code 1
Running experiment: Phase01Bad on node desktop12.hpc.itu.dk
Downloading https://services.gradle.org/distributions/gradle-8.4-bin.zip
............10%............20%.............30%............40%.............50%............60%.............70%............80%.............90%............100%
Running experiment: Carter01Bad4 on node cn14.hpc.itu.dk
Running experiment: StackBad2 on node desktop15.hpc.itu.dk
Traceback (most recent call last):
  File "scripts/new_version.py", line 236, in <module>
    setup()
  File "scripts/new_version.py", line 33, in setup
    result = subprocess.run(["java","-version"], stderr=subprocess.PIPE, text=True)
  File "/usr/lib64/python3.6/subprocess.py", line 423, in run
    with Popen(*popenargs, **kwargs) as process:
TypeError: __init__() got an unexpected keyword argument 'text'
srun: error: cn14: task 0: Exited with exit code 1
Downloading https://services.gradle.org/distributions/gradle-8.4-bin.zip
............10%............20%.............30%............40%.............50%............60%.............70%............80%.............90%............100%
Running experiment: TokenRingBad4 on node desktop16.hpc.itu.dk
Downloading https://services.gradle.org/distributions/gradle-8.4-bin.zip
............10%............20%.............30%............40%.............50%............60%.............70%............80%.............90%............100%

Welcome to Gradle 8.4!

Here are the highlights of this release:
 - Compiling and testing with Java 21
 - Faster Java compilation on Windows
 - Role focused dependency configurations creation

For more details see https://docs.gradle.org/8.4/release-notes.html

Starting a Gradle Daemon (subsequent builds will be faster)

Welcome to Gradle 8.4!

Here are the highlights of this release:
 - Compiling and testing with Java 21
 - Faster Java compilation on Windows
 - Role focused dependency configurations creation

For more details see https://docs.gradle.org/8.4/release-notes.html

Starting a Gradle Daemon (subsequent builds will be faster)

Welcome to Gradle 8.4!

Here are the highlights of this release:
 - Compiling and testing with Java 21
 - Faster Java compilation on Windows
 - Role focused dependency configurations creation

For more details see https://docs.gradle.org/8.4/release-notes.html

Starting a Gradle Daemon (subsequent builds will be faster)
> Task :app:compileJava
> Task :app:compileJava
> Task :app:compileJava
> Task :app:processResources NO-SOURCE
> Task :app:classes
> Task :app:jar
> Task :app:startScripts
> Task :app:distTar
> Task :app:processResources NO-SOURCE
> Task :app:classes
> Task :app:distZip
> Task :app:assemble
> Task :app:check
> Task :app:build

BUILD SUCCESSFUL in 6m 8s
5 actionable tasks: 5 executed
> Task :app:jar
> Task :app:startScripts
Correctly using java 11.xx.xx
JPF JARs already exist, skipping JAR generation
Compiling with Gradle...
Finished Gradle compilation
Traceback (most recent call last):
  File "/home/anmv/tmp/build_Phase01Bad/scripts/new_version.py", line 238, in <module>
    writeToCsv(run_jpf())
               ^^^^^^^^^
  File "/home/anmv/tmp/build_Phase01Bad/scripts/new_version.py", line 173, in run_jpf
    map_of_tests = convert_to_jpf()
                   ^^^^^^^^^^^^^^^^
  File "/home/anmv/tmp/build_Phase01Bad/scripts/new_version.py", line 143, in convert_to_jpf
    tests = read_input()
            ^^^^^^^^^^^^
  File "/home/anmv/tmp/build_Phase01Bad/scripts/new_version.py", line 130, in read_input
    raise ValueError(f"No thread count found in '{test_str}'")
ValueError: No thread count found in 'Phase01Bad'
> Task :app:distTar
> Task :app:distZip
> Task :app:assemble
> Task :app:check
> Task :app:build

BUILD SUCCESSFUL in 6m 6s
5 actionable tasks: 5 executed
srun: error: desktop12: task 0: Exited with exit code 1
> Task :app:processResources NO-SOURCE
> Task :app:classes
> Task :app:jar
> Task :app:startScripts
> Task :app:distTar
> Task :app:distZip
> Task :app:assemble
> Task :app:check
> Task :app:build

BUILD SUCCESSFUL in 6m 4s
5 actionable tasks: 5 executed
Correctly using java 11.xx.xx
JPF JARs already exist, skipping JAR generation
Compiling with Gradle...
Finished Gradle compilation
this is hte name: StackBad, this is the number: 2
Running StackBad
StackBad,0.5,4
StackBad,0.8,3
Correctly using java 11.xx.xx
JPF JARs already exist, skipping JAR generation
Compiling with Gradle...
Finished Gradle compilation
this is hte name: TokenRingBad, this is the number: 4
Running TokenRingBad
TokenRingBad,0.5,10
TokenRingBad,0.8,10
All experiments completed.

"AccountBad3"
    "Carter01Bad4"
    "FsbenchBad27"
    "Phase01Bad"
    "StackBad2"
    "TokenRingBad4"